Number of conformers:                   195977

Number of >1A failures:                 4931 (2.5 % of all)
Number of terminal-only conformers:     18899 (9.6 % of all)
Number of >1A terminal-only failures:   924
    4.9 % of terminal-only conformers
    18.7 % of failures

Distribution of failures among most prevalent PDB codes
    Worst 1 % of PDBs: 271, 5.5 % of all failures, 0.2 % of all fragments
    Worst 2 % of PDBs: 441, 8.9 % of all failures, 0.5 % of all fragments
    Worst 5 % of PDBs: 1414, 28.7 % of all failures, 3.3 % of all fragments
    Worst 10 % of PDBs: 2538, 51.5 % of all failures, 8.7 % of all fragments
    Remaining 90 %: 2393 failures among 178925 fragments
        1.3 % of all fragments in those structures
        48.5 % of all failures
        Those structures contain 91.3 % of all fragments

Distribution of failures among most prevalent PDB codes
    Worst 1 % of PDBs: 382, 9.5 % of all non-terminal-only failures, 0.6 % of all non-terminal-only fragments
    Worst 2 % of PDBs: 781, 19.5 % of all non-terminal-only failures, 1.9 % of all non-terminal-only fragments
    Worst 5 % of PDBs: 1645, 41.1 % of all non-terminal-only failures, 5.7 % of all non-terminal-only fragments
    Worst 10 % of PDBs: 2721, 67.9 % of all non-terminal-only failures, 14.4 % of all non-terminal-only fragments
    Remaining 90 %: 1286 failures among 151560 fragments
        0.8 % of all non-terminal-only fragments in those structures
        32.1 % of all non-terminal-only failures
        Those structures contain 85.6 % of all non-terminal-only fragments
